<?xml version="1.0" encoding="UTF-8"?>
<testsuite name="com.cg.demo.test.AccountServiceTest" tests="6" skipped="0" failures="0" errors="0" timestamp="2016-05-20T08:43:27" hostname="LIN51002860A" time="0.236">
  <properties/>
  <testcase name="whenAmountAndAccountNumberAreValidWithdrawShouldDeductTheBalance" classname="com.cg.demo.test.AccountServiceTest" time="0.231"/>
  <testcase name="withdrawShouldThrowInvalidAccountNumberIfAccountNumberIsNotValid" classname="com.cg.demo.test.AccountServiceTest" time="0.001"/>
  <testcase name="ifAmountPassedToWithdrawIsNegativeThenItShouldThrowException" classname="com.cg.demo.test.AccountServiceTest" time="0.001"/>
  <testcase name="ifAmountPassedIsGreaterThanBalanceThenWithdrawShouldThrowException" classname="com.cg.demo.test.AccountServiceTest" time="0.001"/>
  <testcase name="test_showbalance" classname="com.cg.demo.test.AccountServiceTest" time="0.001"/>
  <testcase name="test_valid_account_number" classname="com.cg.demo.test.AccountServiceTest" time="0.001"/>
  <system-out><![CDATA[]]></system-out>
  <system-err><![CDATA[]]></system-err>
</testsuite>
